  stdafx.cpp
  Animation.cpp
  Camera.cpp
  Enemies.cpp
C:\Users\LaptopAZ.vn\source\repos\TEMPTD\TrainingFramework\Enemies.cpp(35,21): warning C4018: '<': signed/unsigned mismatch
C:\Users\LaptopAZ.vn\source\repos\TEMPTD\TrainingFramework\Enemies.cpp(39,21): warning C4018: '<': signed/unsigned mismatch
C:\Users\LaptopAZ.vn\source\repos\TEMPTD\TrainingFramework\Enemies.cpp(53,21): warning C4018: '<': signed/unsigned mismatch
C:\Users\LaptopAZ.vn\source\repos\TEMPTD\TrainingFramework\Enemies.cpp(57,21): warning C4018: '<': signed/unsigned mismatch
C:\Users\LaptopAZ.vn\source\repos\TEMPTD\TrainingFramework\Enemies.cpp(82,21): warning C4018: '<': signed/unsigned mismatch
C:\Users\LaptopAZ.vn\source\repos\TEMPTD\TrainingFramework\Enemies.cpp(86,21): warning C4018: '<': signed/unsigned mismatch
C:\Users\LaptopAZ.vn\source\repos\TEMPTD\TrainingFramework\Enemies.cpp(105,20): warning C4018: '<': signed/unsigned mismatch
C:\Users\LaptopAZ.vn\source\repos\TEMPTD\TrainingFramework\Enemies.cpp(113,20): warning C4018: '<': signed/unsigned mismatch
C:\Users\LaptopAZ.vn\source\repos\TEMPTD\TrainingFramework\Enemies.cpp(121,15): warning C4244: 'initializing': conversion from 'double' to 'float', possible loss of data
C:\Users\LaptopAZ.vn\source\repos\TEMPTD\TrainingFramework\Enemies.cpp(137,15): warning C4244: 'initializing': conversion from 'double' to 'float', possible loss of data
C:\Users\LaptopAZ.vn\source\repos\TEMPTD\TrainingFramework\Enemies.cpp(153,15): warning C4244: 'initializing': conversion from 'double' to 'float', possible loss of data
C:\Users\LaptopAZ.vn\source\repos\TEMPTD\TrainingFramework\Enemies.cpp(169,15): warning C4244: 'initializing': conversion from 'double' to 'float', possible loss of data
  Frame.cpp
  Game.cpp
C:\Users\LaptopAZ.vn\source\repos\TEMPTD\TrainingFramework\StateWelcome.h(21,16): warning C4305: 'argument': truncation from 'double' to 'GLfloat'
C:\Users\LaptopAZ.vn\source\repos\TEMPTD\TrainingFramework\StateWelcome.h(22,11): warning C4305: 'argument': truncation from 'double' to 'GLfloat'
C:\Users\LaptopAZ.vn\source\repos\TEMPTD\TrainingFramework\StateWelcome.h(23,19): warning C4305: 'argument': truncation from 'double' to 'GLfloat'
C:\Users\LaptopAZ.vn\source\repos\TEMPTD\TrainingFramework\Game.cpp(113,38): warning C4553: '==': result of expression not used; did you intend '='?
  Model.cpp
C:\Users\LaptopAZ.vn\source\repos\TEMPTD\TrainingFramework\Model.cpp(10,15): warning C4996: 'fopen': This function or variable may be unsafe. Consider using fopen_s instead. To disable deprecation, use _CRT_SECURE_NO_WARNINGS. See online help for details.
C:\Users\LaptopAZ.vn\source\repos\TEMPTD\TrainingFramework\Model.cpp(13,2): warning C4996: 'fscanf': This function or variable may be unsafe. Consider using fscanf_s instead. To disable deprecation, use _CRT_SECURE_NO_WARNINGS. See online help for details.
C:\Users\LaptopAZ.vn\source\repos\TEMPTD\TrainingFramework\Model.cpp(26,3): warning C4996: 'fscanf': This function or variable may be unsafe. Consider using fscanf_s instead. To disable deprecation, use _CRT_SECURE_NO_WARNINGS. See online help for details.
C:\Users\LaptopAZ.vn\source\repos\TEMPTD\TrainingFramework\Model.cpp(27,3): warning C4996: 'fscanf': This function or variable may be unsafe. Consider using fscanf_s instead. To disable deprecation, use _CRT_SECURE_NO_WARNINGS. See online help for details.
C:\Users\LaptopAZ.vn\source\repos\TEMPTD\TrainingFramework\Model.cpp(28,3): warning C4996: 'fscanf': This function or variable may be unsafe. Consider using fscanf_s instead. To disable deprecation, use _CRT_SECURE_NO_WARNINGS. See online help for details.
C:\Users\LaptopAZ.vn\source\repos\TEMPTD\TrainingFramework\Model.cpp(29,3): warning C4996: 'fscanf': This function or variable may be unsafe. Consider using fscanf_s instead. To disable deprecation, use _CRT_SECURE_NO_WARNINGS. See online help for details.
C:\Users\LaptopAZ.vn\source\repos\TEMPTD\TrainingFramework\Model.cpp(30,3): warning C4996: 'fscanf': This function or variable may be unsafe. Consider using fscanf_s instead. To disable deprecation, use _CRT_SECURE_NO_WARNINGS. See online help for details.
C:\Users\LaptopAZ.vn\source\repos\TEMPTD\TrainingFramework\Model.cpp(31,3): warning C4996: 'fscanf': This function or variable may be unsafe. Consider using fscanf_s instead. To disable deprecation, use _CRT_SECURE_NO_WARNINGS. See online help for details.
C:\Users\LaptopAZ.vn\source\repos\TEMPTD\TrainingFramework\Model.cpp(43,2): warning C4996: 'fscanf': This function or variable may be unsafe. Consider using fscanf_s instead. To disable deprecation, use _CRT_SECURE_NO_WARNINGS. See online help for details.
C:\Users\LaptopAZ.vn\source\repos\TEMPTD\TrainingFramework\Model.cpp(55,3): warning C4996: 'fscanf': This function or variable may be unsafe. Consider using fscanf_s instead. To disable deprecation, use _CRT_SECURE_NO_WARNINGS. See online help for details.
C:\Users\LaptopAZ.vn\source\repos\TEMPTD\TrainingFramework\Model.cpp(56,3): warning C4996: 'fscanf': This function or variable may be unsafe. Consider using fscanf_s instead. To disable deprecation, use _CRT_SECURE_NO_WARNINGS. See online help for details.
C:\Users\LaptopAZ.vn\source\repos\TEMPTD\TrainingFramework\Model.cpp(70,2): warning C4996: 'strcpy': This function or variable may be unsafe. Consider using strcpy_s instead. To disable deprecation, use _CRT_SECURE_NO_WARNINGS. See online help for details.
  Object.cpp
C:\Users\LaptopAZ.vn\source\repos\TEMPTD\TrainingFramework\Object.cpp(43,20): warning C4018: '<': signed/unsigned mismatch
  Player.cpp
  PlayField.cpp
C:\Users\LaptopAZ.vn\source\repos\TEMPTD\TrainingFramework\PlayField.cpp(75,20): warning C4018: '<': signed/unsigned mismatch
C:\Users\LaptopAZ.vn\source\repos\TEMPTD\TrainingFramework\PlayField.cpp(118,20): warning C4018: '<': signed/unsigned mismatch
C:\Users\LaptopAZ.vn\source\repos\TEMPTD\TrainingFramework\PlayField.cpp(139,20): warning C4018: '<': signed/unsigned mismatch
  Projectile.cpp
C:\Users\LaptopAZ.vn\source\repos\TEMPTD\TrainingFramework\Projectile.cpp(73,20): warning C4018: '<': signed/unsigned mismatch
C:\Users\LaptopAZ.vn\source\repos\TEMPTD\TrainingFramework\Projectile.cpp(108,20): warning C4018: '<': signed/unsigned mismatch
  ResourceManager.cpp
C:\Users\LaptopAZ.vn\source\repos\TEMPTD\TrainingFramework\ResourceManager.cpp(22,15): warning C4996: 'fopen': This function or variable may be unsafe. Consider using fopen_s instead. To disable deprecation, use _CRT_SECURE_NO_WARNINGS. See online help for details.
C:\Users\LaptopAZ.vn\source\repos\TEMPTD\TrainingFramework\ResourceManager.cpp(24,2): warning C4996: 'fscanf': This function or variable may be unsafe. Consider using fscanf_s instead. To disable deprecation, use _CRT_SECURE_NO_WARNINGS. See online help for details.
C:\Users\LaptopAZ.vn\source\repos\TEMPTD\TrainingFramework\ResourceManager.cpp(30,3): warning C4996: 'fscanf': This function or variable may be unsafe. Consider using fscanf_s instead. To disable deprecation, use _CRT_SECURE_NO_WARNINGS. See online help for details.
C:\Users\LaptopAZ.vn\source\repos\TEMPTD\TrainingFramework\ResourceManager.cpp(31,3): warning C4996: 'fscanf': This function or variable may be unsafe. Consider using fscanf_s instead. To disable deprecation, use _CRT_SECURE_NO_WARNINGS. See online help for details.
C:\Users\LaptopAZ.vn\source\repos\TEMPTD\TrainingFramework\ResourceManager.cpp(35,2): warning C4996: 'fscanf': This function or variable may be unsafe. Consider using fscanf_s instead. To disable deprecation, use _CRT_SECURE_NO_WARNINGS. See online help for details.
C:\Users\LaptopAZ.vn\source\repos\TEMPTD\TrainingFramework\ResourceManager.cpp(40,2): warning C4996: 'fscanf': This function or variable may be unsafe. Consider using fscanf_s instead. To disable deprecation, use _CRT_SECURE_NO_WARNINGS. See online help for details.
C:\Users\LaptopAZ.vn\source\repos\TEMPTD\TrainingFramework\ResourceManager.cpp(43,3): warning C4996: 'fscanf': This function or variable may be unsafe. Consider using fscanf_s instead. To disable deprecation, use _CRT_SECURE_NO_WARNINGS. See online help for details.
C:\Users\LaptopAZ.vn\source\repos\TEMPTD\TrainingFramework\ResourceManager.cpp(44,3): warning C4996: 'fscanf': This function or variable may be unsafe. Consider using fscanf_s instead. To disable deprecation, use _CRT_SECURE_NO_WARNINGS. See online help for details.
C:\Users\LaptopAZ.vn\source\repos\TEMPTD\TrainingFramework\ResourceManager.cpp(45,3): warning C4996: 'fscanf': This function or variable may be unsafe. Consider using fscanf_s instead. To disable deprecation, use _CRT_SECURE_NO_WARNINGS. See online help for details.
C:\Users\LaptopAZ.vn\source\repos\TEMPTD\TrainingFramework\ResourceManager.cpp(46,3): warning C4996: 'fscanf': This function or variable may be unsafe. Consider using fscanf_s instead. To disable deprecation, use _CRT_SECURE_NO_WARNINGS. See online help for details.
C:\Users\LaptopAZ.vn\source\repos\TEMPTD\TrainingFramework\ResourceManager.cpp(49,2): warning C4996: 'fscanf': This function or variable may be unsafe. Consider using fscanf_s instead. To disable deprecation, use _CRT_SECURE_NO_WARNINGS. See online help for details.
C:\Users\LaptopAZ.vn\source\repos\TEMPTD\TrainingFramework\ResourceManager.cpp(54,2): warning C4996: 'fscanf': This function or variable may be unsafe. Consider using fscanf_s instead. To disable deprecation, use _CRT_SECURE_NO_WARNINGS. See online help for details.
C:\Users\LaptopAZ.vn\source\repos\TEMPTD\TrainingFramework\ResourceManager.cpp(57,3): warning C4996: 'fscanf': This function or variable may be unsafe. Consider using fscanf_s instead. To disable deprecation, use _CRT_SECURE_NO_WARNINGS. See online help for details.
C:\Users\LaptopAZ.vn\source\repos\TEMPTD\TrainingFramework\ResourceManager.cpp(58,3): warning C4996: 'fscanf': This function or variable may be unsafe. Consider using fscanf_s instead. To disable deprecation, use _CRT_SECURE_NO_WARNINGS. See online help for details.
C:\Users\LaptopAZ.vn\source\repos\TEMPTD\TrainingFramework\ResourceManager.cpp(59,3): warning C4996: 'fscanf': This function or variable may be unsafe. Consider using fscanf_s instead. To disable deprecation, use _CRT_SECURE_NO_WARNINGS. See online help for details.
C:\Users\LaptopAZ.vn\source\repos\TEMPTD\TrainingFramework\ResourceManager.cpp(60,3): warning C4996: 'fscanf': This function or variable may be unsafe. Consider using fscanf_s instead. To disable deprecation, use _CRT_SECURE_NO_WARNINGS. See online help for details.
C:\Users\LaptopAZ.vn\source\repos\TEMPTD\TrainingFramework\ResourceManager.cpp(70,2): warning C4996: 'fscanf': This function or variable may be unsafe. Consider using fscanf_s instead. To disable deprecation, use _CRT_SECURE_NO_WARNINGS. See online help for details.
C:\Users\LaptopAZ.vn\source\repos\TEMPTD\TrainingFramework\ResourceManager.cpp(74,3): warning C4996: 'fscanf': This function or variable may be unsafe. Consider using fscanf_s instead. To disable deprecation, use _CRT_SECURE_NO_WARNINGS. See online help for details.
C:\Users\LaptopAZ.vn\source\repos\TEMPTD\TrainingFramework\ResourceManager.cpp(75,3): warning C4996: 'fscanf': This function or variable may be unsafe. Consider using fscanf_s instead. To disable deprecation, use _CRT_SECURE_NO_WARNINGS. See online help for details.
C:\Users\LaptopAZ.vn\source\repos\TEMPTD\TrainingFramework\ResourceManager.cpp(76,3): warning C4996: 'fscanf': This function or variable may be unsafe. Consider using fscanf_s instead. To disable deprecation, use _CRT_SECURE_NO_WARNINGS. See online help for details.
C:\Users\LaptopAZ.vn\source\repos\TEMPTD\TrainingFramework\ResourceManager.cpp(77,3): warning C4996: 'fscanf': This function or variable may be unsafe. Consider using fscanf_s instead. To disable deprecation, use _CRT_SECURE_NO_WARNINGS. See online help for details.
C:\Users\LaptopAZ.vn\source\repos\TEMPTD\TrainingFramework\ResourceManager.cpp(80,4): warning C4996: 'fscanf': This function or variable may be unsafe. Consider using fscanf_s instead. To disable deprecation, use _CRT_SECURE_NO_WARNINGS. See online help for details.
  SceneManager.cpp
C:\Users\LaptopAZ.vn\source\repos\TEMPTD\TrainingFramework\SceneManager.cpp(36,15): warning C4996: 'fopen': This function or variable may be unsafe. Consider using fopen_s instead. To disable deprecation, use _CRT_SECURE_NO_WARNINGS. See online help for details.
C:\Users\LaptopAZ.vn\source\repos\TEMPTD\TrainingFramework\SceneManager.cpp(44,2): warning C4996: 'fscanf': This function or variable may be unsafe. Consider using fscanf_s instead. To disable deprecation, use _CRT_SECURE_NO_WARNINGS. See online help for details.
C:\Users\LaptopAZ.vn\source\repos\TEMPTD\TrainingFramework\SceneManager.cpp(47,3): warning C4996: 'fscanf': This function or variable may be unsafe. Consider using fscanf_s instead. To disable deprecation, use _CRT_SECURE_NO_WARNINGS. See online help for details.
C:\Users\LaptopAZ.vn\source\repos\TEMPTD\TrainingFramework\SceneManager.cpp(48,3): warning C4996: 'fscanf': This function or variable may be unsafe. Consider using fscanf_s instead. To disable deprecation, use _CRT_SECURE_NO_WARNINGS. See online help for details.
C:\Users\LaptopAZ.vn\source\repos\TEMPTD\TrainingFramework\SceneManager.cpp(49,3): warning C4996: 'fscanf': This function or variable may be unsafe. Consider using fscanf_s instead. To disable deprecation, use _CRT_SECURE_NO_WARNINGS. See online help for details.
C:\Users\LaptopAZ.vn\source\repos\TEMPTD\TrainingFramework\SceneManager.cpp(50,3): warning C4996: 'fscanf': This function or variable may be unsafe. Consider using fscanf_s instead. To disable deprecation, use _CRT_SECURE_NO_WARNINGS. See online help for details.
C:\Users\LaptopAZ.vn\source\repos\TEMPTD\TrainingFramework\SceneManager.cpp(51,3): warning C4996: 'fscanf': This function or variable may be unsafe. Consider using fscanf_s instead. To disable deprecation, use _CRT_SECURE_NO_WARNINGS. See online help for details.
C:\Users\LaptopAZ.vn\source\repos\TEMPTD\TrainingFramework\SceneManager.cpp(52,3): warning C4996: 'fscanf': This function or variable may be unsafe. Consider using fscanf_s instead. To disable deprecation, use _CRT_SECURE_NO_WARNINGS. See online help for details.
C:\Users\LaptopAZ.vn\source\repos\TEMPTD\TrainingFramework\SceneManager.cpp(53,3): warning C4996: 'fscanf': This function or variable may be unsafe. Consider using fscanf_s instead. To disable deprecation, use _CRT_SECURE_NO_WARNINGS. See online help for details.
C:\Users\LaptopAZ.vn\source\repos\TEMPTD\TrainingFramework\SceneManager.cpp(54,3): warning C4996: 'fscanf': This function or variable may be unsafe. Consider using fscanf_s instead. To disable deprecation, use _CRT_SECURE_NO_WARNINGS. See online help for details.
C:\Users\LaptopAZ.vn\source\repos\TEMPTD\TrainingFramework\SceneManager.cpp(55,3): warning C4996: 'fscanf': This function or variable may be unsafe. Consider using fscanf_s instead. To disable deprecation, use _CRT_SECURE_NO_WARNINGS. See online help for details.
C:\Users\LaptopAZ.vn\source\repos\TEMPTD\TrainingFramework\SceneManager.cpp(57,2): warning C4996: 'fscanf': This function or variable may be unsafe. Consider using fscanf_s instead. To disable deprecation, use _CRT_SECURE_NO_WARNINGS. See online help for details.
C:\Users\LaptopAZ.vn\source\repos\TEMPTD\TrainingFramework\SceneManager.cpp(62,2): warning C4996: 'fscanf': This function or variable may be unsafe. Consider using fscanf_s instead. To disable deprecation, use _CRT_SECURE_NO_WARNINGS. See online help for details.
C:\Users\LaptopAZ.vn\source\repos\TEMPTD\TrainingFramework\SceneManager.cpp(67,3): warning C4996: 'fscanf': This function or variable may be unsafe. Consider using fscanf_s instead. To disable deprecation, use _CRT_SECURE_NO_WARNINGS. See online help for details.
C:\Users\LaptopAZ.vn\source\repos\TEMPTD\TrainingFramework\SceneManager.cpp(68,3): warning C4996: 'fscanf': This function or variable may be unsafe. Consider using fscanf_s instead. To disable deprecation, use _CRT_SECURE_NO_WARNINGS. See online help for details.
C:\Users\LaptopAZ.vn\source\repos\TEMPTD\TrainingFramework\SceneManager.cpp(70,3): warning C4996: 'fscanf': This function or variable may be unsafe. Consider using fscanf_s instead. To disable deprecation, use _CRT_SECURE_NO_WARNINGS. See online help for details.
C:\Users\LaptopAZ.vn\source\repos\TEMPTD\TrainingFramework\SceneManager.cpp(73,4): warning C4996: 'fscanf': This function or variable may be unsafe. Consider using fscanf_s instead. To disable deprecation, use _CRT_SECURE_NO_WARNINGS. See online help for details.
C:\Users\LaptopAZ.vn\source\repos\TEMPTD\TrainingFramework\SceneManager.cpp(76,3): warning C4996: 'fscanf': This function or variable may be unsafe. Consider using fscanf_s instead. To disable deprecation, use _CRT_SECURE_NO_WARNINGS. See online help for details.
C:\Users\LaptopAZ.vn\source\repos\TEMPTD\TrainingFramework\SceneManager.cpp(79,4): warning C4996: 'fscanf': This function or variable may be unsafe. Consider using fscanf_s instead. To disable deprecation, use _CRT_SECURE_NO_WARNINGS. See online help for details.
C:\Users\LaptopAZ.vn\source\repos\TEMPTD\TrainingFramework\SceneManager.cpp(82,3): warning C4996: 'fscanf': This function or variable may be unsafe. Consider using fscanf_s instead. To disable deprecation, use _CRT_SECURE_NO_WARNINGS. See online help for details.
C:\Users\LaptopAZ.vn\source\repos\TEMPTD\TrainingFramework\SceneManager.cpp(84,3): warning C4996: 'fscanf': This function or variable may be unsafe. Consider using fscanf_s instead. To disable deprecation, use _CRT_SECURE_NO_WARNINGS. See online help for details.
C:\Users\LaptopAZ.vn\source\repos\TEMPTD\TrainingFramework\SceneManager.cpp(85,3): warning C4996: 'fscanf': This function or variable may be unsafe. Consider using fscanf_s instead. To disable deprecation, use _CRT_SECURE_NO_WARNINGS. See online help for details.
C:\Users\LaptopAZ.vn\source\repos\TEMPTD\TrainingFramework\SceneManager.cpp(86,3): warning C4996: 'fscanf': This function or variable may be unsafe. Consider using fscanf_s instead. To disable deprecation, use _CRT_SECURE_NO_WARNINGS. See online help for details.
  StateHelp.cpp
  StateLogo.cpp
C:\Users\LaptopAZ.vn\source\repos\TEMPTD\TrainingFramework\StateLogo.cpp(6,9): warning C4996: 'fopen': This function or variable may be unsafe. Consider using fopen_s instead. To disable deprecation, use _CRT_SECURE_NO_WARNINGS. See online help for details.
C:\Users\LaptopAZ.vn\source\repos\TEMPTD\TrainingFramework\StateLogo.cpp(9,2): warning C4996: 'fscanf': This function or variable may be unsafe. Consider using fscanf_s instead. To disable deprecation, use _CRT_SECURE_NO_WARNINGS. See online help for details.
C:\Users\LaptopAZ.vn\source\repos\TEMPTD\TrainingFramework\StateLogo.cpp(12,2): warning C4996: 'fscanf': This function or variable may be unsafe. Consider using fscanf_s instead. To disable deprecation, use _CRT_SECURE_NO_WARNINGS. See online help for details.
  StateMenu.cpp
C:\Users\LaptopAZ.vn\source\repos\TEMPTD\TrainingFramework\StateMenu.cpp(183,20): warning C4018: '<': signed/unsigned mismatch
C:\Users\LaptopAZ.vn\source\repos\TEMPTD\TrainingFramework\StateMenu.cpp(192,20): warning C4018: '<': signed/unsigned mismatch
C:\Users\LaptopAZ.vn\source\repos\TEMPTD\TrainingFramework\StateMenu.cpp(203,20): warning C4018: '<': signed/unsigned mismatch
C:\Users\LaptopAZ.vn\source\repos\TEMPTD\TrainingFramework\StateMenu.cpp(221,20): warning C4018: '<': signed/unsigned mismatch
  StateOption.cpp
C:\Users\LaptopAZ.vn\source\repos\TEMPTD\TrainingFramework\StateOption.cpp(175,20): warning C4018: '<': signed/unsigned mismatch
C:\Users\LaptopAZ.vn\source\repos\TEMPTD\TrainingFramework\StateOption.cpp(295,20): warning C4018: '<': signed/unsigned mismatch
  StatePlay.cpp
C:\Users\LaptopAZ.vn\source\repos\TEMPTD\TrainingFramework\StatePlay.cpp(35,20): warning C4018: '<': signed/unsigned mismatch
C:\Users\LaptopAZ.vn\source\repos\TEMPTD\TrainingFramework\StatePlay.cpp(80,20): warning C4018: '<': signed/unsigned mismatch
C:\Users\LaptopAZ.vn\source\repos\TEMPTD\TrainingFramework\StatePlay.cpp(85,20): warning C4018: '<': signed/unsigned mismatch
C:\Users\LaptopAZ.vn\source\repos\TEMPTD\TrainingFramework\StatePlay.cpp(112,20): warning C4018: '<': signed/unsigned mismatch
C:\Users\LaptopAZ.vn\source\repos\TEMPTD\TrainingFramework\StatePlay.cpp(182,21): warning C4018: '<': signed/unsigned mismatch
C:\Users\LaptopAZ.vn\source\repos\TEMPTD\TrainingFramework\StatePlay.cpp(187,21): warning C4018: '<': signed/unsigned mismatch
C:\Users\LaptopAZ.vn\source\repos\TEMPTD\TrainingFramework\StatePlay.cpp(191,21): warning C4018: '<': signed/unsigned mismatch
C:\Users\LaptopAZ.vn\source\repos\TEMPTD\TrainingFramework\StatePlay.cpp(195,21): warning C4018: '<': signed/unsigned mismatch
C:\Users\LaptopAZ.vn\source\repos\TEMPTD\TrainingFramework\StatePlay.cpp(237,21): warning C4018: '<': signed/unsigned mismatch
C:\Users\LaptopAZ.vn\source\repos\TEMPTD\TrainingFramework\StatePlay.cpp(253,20): warning C4018: '<': signed/unsigned mismatch
C:\Users\LaptopAZ.vn\source\repos\TEMPTD\TrainingFramework\StatePlay.cpp(290,20): warning C4018: '<': signed/unsigned mismatch
C:\Users\LaptopAZ.vn\source\repos\TEMPTD\TrainingFramework\StatePlay.cpp(302,20): warning C4018: '<': signed/unsigned mismatch
C:\Users\LaptopAZ.vn\source\repos\TEMPTD\TrainingFramework\StatePlay.cpp(333,49): warning C4018: '<': signed/unsigned mismatch
C:\Users\LaptopAZ.vn\source\repos\TEMPTD\TrainingFramework\StatePlay.cpp(409,20): warning C4018: '<': signed/unsigned mismatch
C:\Users\LaptopAZ.vn\source\repos\TEMPTD\TrainingFramework\StatePlay.cpp(415,20): warning C4018: '<': signed/unsigned mismatch
C:\Users\LaptopAZ.vn\source\repos\TEMPTD\TrainingFramework\StatePlay.cpp(420,20): warning C4018: '<': signed/unsigned mismatch
C:\Users\LaptopAZ.vn\source\repos\TEMPTD\TrainingFramework\StatePlay.cpp(424,20): warning C4018: '<': signed/unsigned mismatch
  StateWelcome.cpp
C:\Users\LaptopAZ.vn\source\repos\TEMPTD\TrainingFramework\StateWelcome.h(21,16): warning C4305: 'argument': truncation from 'double' to 'GLfloat'
C:\Users\LaptopAZ.vn\source\repos\TEMPTD\TrainingFramework\StateWelcome.h(22,11): warning C4305: 'argument': truncation from 'double' to 'GLfloat'
C:\Users\LaptopAZ.vn\source\repos\TEMPTD\TrainingFramework\StateWelcome.h(23,19): warning C4305: 'argument': truncation from 'double' to 'GLfloat'
C:\Users\LaptopAZ.vn\source\repos\TEMPTD\TrainingFramework\StateWelcome.cpp(22,36): warning C4305: 'argument': truncation from 'double' to 'GLfloat'
C:\Users\LaptopAZ.vn\source\repos\TEMPTD\TrainingFramework\StateWelcome.cpp(8,9): warning C4996: 'fopen': This function or variable may be unsafe. Consider using fopen_s instead. To disable deprecation, use _CRT_SECURE_NO_WARNINGS. See online help for details.
C:\Users\LaptopAZ.vn\source\repos\TEMPTD\TrainingFramework\StateWelcome.cpp(11,2): warning C4996: 'fscanf': This function or variable may be unsafe. Consider using fscanf_s instead. To disable deprecation, use _CRT_SECURE_NO_WARNINGS. See online help for details.
C:\Users\LaptopAZ.vn\source\repos\TEMPTD\TrainingFramework\StateWelcome.cpp(14,2): warning C4996: 'fscanf': This function or variable may be unsafe. Consider using fscanf_s instead. To disable deprecation, use _CRT_SECURE_NO_WARNINGS. See online help for details.
C:\Users\LaptopAZ.vn\source\repos\TEMPTD\TrainingFramework\StateWelcome.cpp(77,45): warning C4305: 'argument': truncation from 'double' to 'GLfloat'
  Text.cpp
C:\Users\LaptopAZ.vn\source\repos\TEMPTD\TrainingFramework\Text.cpp(126,30): warning C4305: 'argument': truncation from 'double' to 'GLfloat'
C:\Users\LaptopAZ.vn\source\repos\TEMPTD\TrainingFramework\Text.cpp(131,9): warning C4996: 'strdup': The POSIX name for this item is deprecated. Instead, use the ISO C and C++ conformant name: _strdup. See online help for details.
C:\Users\LaptopAZ.vn\source\repos\TEMPTD\TrainingFramework\Text.cpp(137,19): warning C4996: 'strdup': The POSIX name for this item is deprecated. Instead, use the ISO C and C++ conformant name: _strdup. See online help for details.
C:\Users\LaptopAZ.vn\source\repos\TEMPTD\TrainingFramework\Text.cpp(144,9): warning C4996: 'strdup': The POSIX name for this item is deprecated. Instead, use the ISO C and C++ conformant name: _strdup. See online help for details.
C:\Users\LaptopAZ.vn\source\repos\TEMPTD\TrainingFramework\Text.cpp(150,19): warning C4996: 'strdup': The POSIX name for this item is deprecated. Instead, use the ISO C and C++ conformant name: _strdup. See online help for details.
C:\Users\LaptopAZ.vn\source\repos\TEMPTD\TrainingFramework\Text.cpp(163,19): warning C4996: 'strdup': The POSIX name for this item is deprecated. Instead, use the ISO C and C++ conformant name: _strdup. See online help for details.
  Texture.cpp
C:\Users\LaptopAZ.vn\source\repos\TEMPTD\TrainingFramework\Texture.cpp(41,17): warning C4996: 'strdup': The POSIX name for this item is deprecated. Instead, use the ISO C and C++ conformant name: _strdup. See online help for details.
  Compiling...
  Tile.cpp
C:\Users\LaptopAZ.vn\source\repos\TEMPTD\TrainingFramework\Tile.cpp(25,14): warning C4244: '=': conversion from 'int' to 'GLfloat', possible loss of data
C:\Users\LaptopAZ.vn\source\repos\TEMPTD\TrainingFramework\Tile.cpp(26,14): warning C4244: '=': conversion from 'int' to 'GLfloat', possible loss of data
C:\Users\LaptopAZ.vn\source\repos\TEMPTD\TrainingFramework\Tile.cpp(48,14): warning C4244: '=': conversion from 'int' to 'GLfloat', possible loss of data
C:\Users\LaptopAZ.vn\source\repos\TEMPTD\TrainingFramework\Tile.cpp(49,14): warning C4244: '=': conversion from 'int' to 'GLfloat', possible loss of data
  Tower.cpp
C:\Users\LaptopAZ.vn\source\repos\TEMPTD\TrainingFramework\Tower.cpp(86,20): warning C4018: '<': signed/unsigned mismatch
C:\Users\LaptopAZ.vn\source\repos\TEMPTD\TrainingFramework\Tower.cpp(192,20): warning C4018: '<': signed/unsigned mismatch
C:\Users\LaptopAZ.vn\source\repos\TEMPTD\TrainingFramework\Tower.cpp(214,20): warning C4018: '<': signed/unsigned mismatch
C:\Users\LaptopAZ.vn\source\repos\TEMPTD\TrainingFramework\Tower.cpp(229,21): warning C4018: '<': signed/unsigned mismatch
C:\Users\LaptopAZ.vn\source\repos\TEMPTD\TrainingFramework\Tower.cpp(260,21): warning C4018: '<': signed/unsigned mismatch
  TrainingFramework.cpp
C:\Users\LaptopAZ.vn\source\repos\TEMPTD\TrainingFramework\StateWelcome.h(21,16): warning C4305: 'argument': truncation from 'double' to 'GLfloat'
C:\Users\LaptopAZ.vn\source\repos\TEMPTD\TrainingFramework\StateWelcome.h(22,11): warning C4305: 'argument': truncation from 'double' to 'GLfloat'
C:\Users\LaptopAZ.vn\source\repos\TEMPTD\TrainingFramework\StateWelcome.h(23,19): warning C4305: 'argument': truncation from 'double' to 'GLfloat'
C:\Users\LaptopAZ.vn\source\repos\TEMPTD\TrainingFramework\TrainingFramework.cpp(32,33): warning C4305: 'argument': truncation from 'double' to 'GLfloat'
  Shaders.cpp
C:\Users\LaptopAZ.vn\source\repos\TEMPTD\TrainingFramework\Shaders.cpp(31,2): warning C4996: 'strcpy': This function or variable may be unsafe. Consider using strcpy_s instead. To disable deprecation, use _CRT_SECURE_NO_WARNINGS. See online help for details.
C:\Users\LaptopAZ.vn\source\repos\TEMPTD\TrainingFramework\Shaders.cpp(32,2): warning C4996: 'strcpy': This function or variable may be unsafe. Consider using strcpy_s instead. To disable deprecation, use _CRT_SECURE_NO_WARNINGS. See online help for details.
LINK : fatal error LNK1181: cannot open input file 'C:\Users\LaptopAZ.vn\source\repos\TEMPTD\Release\Utilities.lib'
