c:\users\laptopaz.vn\source\repos\temptd\trainingframework\debug\trainingframework.pch
c:\users\laptopaz.vn\source\repos\temptd\trainingframework\debug\vc142.pdb
c:\users\laptopaz.vn\source\repos\temptd\trainingframework\debug\vc142.idb
c:\users\laptopaz.vn\source\repos\temptd\trainingframework\debug\stdafx.obj
c:\users\laptopaz.vn\source\repos\temptd\trainingframework\debug\camera.obj
c:\users\laptopaz.vn\source\repos\temptd\trainingframework\debug\enemies.obj
c:\users\laptopaz.vn\source\repos\temptd\trainingframework\debug\model.obj
c:\users\laptopaz.vn\source\repos\temptd\trainingframework\debug\object.obj
c:\users\laptopaz.vn\source\repos\temptd\trainingframework\debug\player.obj
c:\users\laptopaz.vn\source\repos\temptd\trainingframework\debug\playfield.obj
c:\users\laptopaz.vn\source\repos\temptd\trainingframework\debug\projectile.obj
c:\users\laptopaz.vn\source\repos\temptd\trainingframework\debug\resourcemanager.obj
c:\users\laptopaz.vn\source\repos\temptd\trainingframework\debug\scenemanager.obj
c:\users\laptopaz.vn\source\repos\temptd\trainingframework\debug\texture.obj
c:\users\laptopaz.vn\source\repos\temptd\trainingframework\debug\tile.obj
c:\users\laptopaz.vn\source\repos\temptd\trainingframework\debug\tower.obj
c:\users\laptopaz.vn\source\repos\temptd\trainingframework\debug\trainingframework.obj
c:\users\laptopaz.vn\source\repos\temptd\trainingframework\debug\shaders.obj
c:\users\laptopaz.vn\source\repos\temptd\bin\trainingframework.exe
c:\users\laptopaz.vn\source\repos\temptd\trainingframework\debug\trainingframework.ilk
c:\users\laptopaz.vn\source\repos\temptd\bin\trainingframework.pdb
c:\users\laptopaz.vn\source\repos\temptd\\bin\trainingframework.pdb
c:\users\laptopaz.vn\source\repos\temptd\trainingframework\debug\training.fc024ec8.tlog\cl.command.1.tlog
c:\users\laptopaz.vn\source\repos\temptd\trainingframework\debug\training.fc024ec8.tlog\cl.read.1.tlog
c:\users\laptopaz.vn\source\repos\temptd\trainingframework\debug\training.fc024ec8.tlog\cl.write.1.tlog
c:\users\laptopaz.vn\source\repos\temptd\trainingframework\debug\training.fc024ec8.tlog\link.command.1.tlog
c:\users\laptopaz.vn\source\repos\temptd\trainingframework\debug\training.fc024ec8.tlog\link.read.1.tlog
c:\users\laptopaz.vn\source\repos\temptd\trainingframework\debug\training.fc024ec8.tlog\link.write.1.tlog
