d:\dao_3dframeworktraining\utilities\debug\utilities.pch
d:\dao_3dframeworktraining\debug\utilities.pdb
d:\dao_3dframeworktraining\debug\utilities.idb
d:\dao_3dframeworktraining\utilities\debug\stdafx.obj
d:\dao_3dframeworktraining\utilities\debug\esshader.obj
d:\dao_3dframeworktraining\utilities\debug\esutil.obj
d:\dao_3dframeworktraining\utilities\debug\esutil_win.obj
d:\dao_3dframeworktraining\utilities\debug\math.obj
d:\dao_3dframeworktraining\utilities\debug\tga.obj
c:\users\trong\desktop\new folder\dao_3dframeworktraining\utilities\debug\utilities.pch
c:\users\trong\desktop\new folder\dao_3dframeworktraining\debug\utilities.pdb
c:\users\trong\desktop\new folder\dao_3dframeworktraining\debug\utilities.idb
c:\users\trong\desktop\new folder\dao_3dframeworktraining\utilities\debug\stdafx.obj
c:\users\trong\desktop\new folder\dao_3dframeworktraining\utilities\debug\esshader.obj
c:\users\trong\desktop\new folder\dao_3dframeworktraining\utilities\debug\esutil.obj
c:\users\trong\desktop\new folder\dao_3dframeworktraining\utilities\debug\esutil_win.obj
c:\users\trong\desktop\new folder\dao_3dframeworktraining\utilities\debug\math.obj
c:\users\trong\desktop\new folder\dao_3dframeworktraining\utilities\debug\tga.obj
d:\dao_3dframeworktraining\debug\utilities.lib
c:\users\trong\desktop\new folder\dao_3dframeworktraining\debug\utilities.lib
c:\users\trong\desktop\new folder\dao_3dframeworktraining\utilities\debug\utilities.tlog\cl.command.1.tlog
c:\users\trong\desktop\new folder\dao_3dframeworktraining\utilities\debug\utilities.tlog\cl.read.1.tlog
c:\users\trong\desktop\new folder\dao_3dframeworktraining\utilities\debug\utilities.tlog\cl.write.1.tlog
c:\users\trong\desktop\new folder\dao_3dframeworktraining\utilities\debug\utilities.tlog\lib-link.read.1.tlog
c:\users\trong\desktop\new folder\dao_3dframeworktraining\utilities\debug\utilities.tlog\lib-link.write.1.tlog
c:\users\trong\desktop\new folder\dao_3dframeworktraining\utilities\debug\utilities.tlog\lib.command.1.tlog
